<?xml version="1.0" encoding="UTF-8"?>
<!-- Generated by org.testng.reporters.JUnitReportReporter -->
<testsuite hostname="CSCO-W-PF3BHLX2" failures="0" tests="1" name="Postman.deletedemo" time="1.798" errors="0" timestamp="2023-05-20T16:40:35 IST" skipped="0">
  <testcase classname="Postman.deletedemo" name="deleteResource" time="1.798"/>
  <system-out/>
</testsuite> <!-- Postman.deletedemo -->
