<?xml version="1.0" encoding="UTF-8"?>
<!-- Generated by org.testng.reporters.JUnitReportReporter -->
<testsuite hostname="CSCO-W-PF3BHLX2" failures="0" tests="1" name="Postman.postdemo" time="2.365" errors="0" timestamp="2023-05-20T16:30:52 IST" skipped="0">
  <testcase classname="Postman.postdemo" name="createresource" time="2.365"/>
  <system-out/>
</testsuite> <!-- Postman.postdemo -->
