<?xml version="1.0" encoding="UTF-8"?>
<!-- Generated by org.testng.reporters.JUnitReportReporter -->
<testsuite hostname="CSCO-W-PF3BHLX2" failures="0" tests="5" name="Postman.verify_post_get_put_delete" time="5.063" errors="0" timestamp="2023-05-20T16:56:11 IST" skipped="0">
  <testcase classname="Postman.verify_post_get_put_delete" name="createresource" time="1.910"/>
  <system-out/>
  <testcase classname="Postman.verify_post_get_put_delete" name="getResourceInfo" time="0.652"/>
  <system-out/>
  <testcase classname="Postman.verify_post_get_put_delete" name="updateResource" time="1.168"/>
  <system-out/>
  <testcase classname="Postman.verify_post_get_put_delete" name="verifyResourceUpdated" time="0.444"/>
  <system-out/>
  <testcase classname="Postman.verify_post_get_put_delete" name="deleteResource" time="0.889"/>
  <system-out/>
</testsuite> <!-- Postman.verify_post_get_put_delete -->
