<?xml version="1.0" encoding="UTF-8"?>
<!-- Generated by org.testng.reporters.JUnitReportReporter -->
<testsuite hostname="CSCO-W-PF3BHLX2" failures="0" tests="1" name="Postman.getdemo" time="2.029" errors="0" timestamp="2023-05-20T16:34:50 IST" skipped="0">
  <testcase classname="Postman.getdemo" name="getresourceinfo" time="2.029"/>
  <system-out/>
</testsuite> <!-- Postman.getdemo -->
